|SourceProjectName:Penates.hpr
|DestinationProjectName:index.htm
index_hha.hhk
index.hhc
index.hhk
PENATES_INVENTORY_SYSTEM_new.htm
template\Penates\jquery.js
template\Penates\jqueryui-custom.js
template\Penates\layout.js
template\Penates\overthrow.min.js
template\Penates\overthrow.sidescroller.min.js
index.glo
PENATES_INVENTORY_SYSTEM_new.css
template\Penates\main.css
template\Penates\jqueryui-custom.css
template\Android_Tablet_Layout\mobile.css
template\iPad_Layout\mobile.css
template\iPhone_Layout\mobile.css
template\Desktop_Layout\screen.css
template\Desktop_Layout\SearchBackHover.png
template\iPad_Layout\menu_selected.png
template\iPad_Layout\searchBackHover.png
template\Penates\search_hover_buttonbar_small.png
template\Penates\search_buttonbar_small.png
template\Penates\search_buttonbar_hover.png
template\iPhone_Layout\TOCNodeLinkSelected.png
template\iPhone_Layout\TOCNodeLinkHover.png
template\iPhone_Layout\menu_selected.png
template\Penates\ui-bg_flat_0_aaaaaa_40x100.png
template\Penates\index_buttonbar_small.png
template\Penates\index_buttonbar_hover.png
template\Penates\preview\specialpage.png
template\Penates\preview\glossary_mobile.png
template\Desktop_Layout\TOCTreeOpenBookHoverSelected.png
template\Desktop_Layout\bullet_Release.png
template\Desktop_Layout\bullet_whatsnew.png
template\Desktop_Layout\header_background.png
template\Penates\ui-bg_glass_95_fef1ec_1x400.png
template\Penates\ui-bg_flat_55_fbec88_40x100.png
template\Penates\ui-bg_glass_75_d0e5f5_1x400.png
template\Penates\ui-bg_glass_85_dfeffc_1x400.png
template\Penates\TOCNodeUpSmall.png
template\Penates\TOCNodeUp.png
template\Penates\TOCNodeLink.png
template\Penates\TOCNodeCloseBook.png
template\Penates\TOCNodePage.png
template\Penates\TOCNodeOpenBook.png
template\Penates\glo_buttonbar_small.png
template\Penates\toc_buttonbar_small.png
template\Penates\glo_buttonbar_hover.png
template\Penates\toc_buttonbar_hover.png
template\Penates\preview\index_mobile.png
template\iPhone_Layout\TOCNodeCloseBookSelected.png
template\iPad_Layout\TOCNodeLinkSelected.png
template\iPad_Layout\TOCNodeLinkHover.png
template\Android_Tablet_Layout\TOCNodeLinkSelected.png
template\Android_Tablet_Layout\TOCNodeLinkHover.png
template\Penates\TOCTreeOpenBookSelected.png
template\Penates\TOCTreeOpenBookHover.png
template\Penates\TOCTreeCloseBookSelected.png
template\Penates\TOCTreeCloseBookHover.png
template\Penates\home_hover.png
template\Penates\open_sidebar.png
template\Penates\icon_back_small.png
template\Desktop_Layout\searchNextHover.png
template\iPhone_Layout\TOCNodePageSelected.png
template\iPhone_Layout\TOCNodeOpenBook.png
template\iPhone_Layout\TOCNodeOpenBookSelected.png
template\iPhone_Layout\TOCNodeOpenBookHover.png
template\iPhone_Layout\TOCNodePageHover.png
template\iPad_Layout\TOCNodeCloseBook.png
template\iPad_Layout\TOCNodeCloseBookSelected.png
template\iPad_Layout\TOCNodeCloseBookHover.png
template\Desktop_Layout\TOCTreeCloseBookSelected.png
template\Penates\TOCTreeLinkHover.png
template\Penates\TOCTreePageHover.png
template\Penates\animated-overlay.gif
template\Penates\TOCTreeLink.png
template\Penates\TOCTreeOpenBook.png
template\Penates\TOCTreeCloseBook.png
template\Penates\TOCTreePage.png
template\iPhone_Layout\searchBackHover.png
template\iPhone_Layout\bullet_Release.png
template\iPad_Layout\BSNext.png
template\iPad_Layout\BSBack.png
template\iPad_Layout\Search.png
template\iPad_Layout\searchNext.png
template\iPad_Layout\searchBack.png
template\iPad_Layout\bullet_Release.png
template\iPad_Layout\bullet_whatsnew.png
template\iPad_Layout\icon_contact_hover.png
template\Android_Tablet_Layout\TOCNodeCloseBook.png
template\Android_Tablet_Layout\TOCNodeCloseBookSelected.png
template\Android_Tablet_Layout\TOCNodeCloseBookHover.png
template\Penates\BSNext.png
template\Penates\BSBack.png
template\Penates\glo.png
template\Penates\TOCTreeLinkSelected.png
template\Penates\TOCTreePageSelected.png
template\Penates\Print.png
template\Penates\home.png
template\Penates\Search.png
template\Penates\index.png
template\Penates\toc.png
template\Penates\logo.png
template\Penates\switch.png
template\Penates\topic.png
template\Penates\glo_buttonbar.png
template\Penates\toc_buttonbar.png
template\Penates\to_top.png
template\iPhone_Layout\BSNext.png
template\iPhone_Layout\BSBack.png
template\iPhone_Layout\TOCNodeLink.png
template\iPhone_Layout\TocNodeUp.png
template\iPhone_Layout\glossary.png
template\iPhone_Layout\index.png
template\iPhone_Layout\toc.png
template\iPhone_Layout\Search.png
template\iPhone_Layout\home_default.png
template\iPhone_Layout\searchNext.png
template\iPhone_Layout\searchBack.png
template\iPhone_Layout\TOCNodePage.png
template\iPad_Layout\TOCNodeLink.png
template\iPad_Layout\TocNodeUp.png
template\iPad_Layout\TOCNodePage.png
template\iPad_Layout\icon_glossary_hover.png
template\Android_Tablet_Layout\BSNext.png
template\Android_Tablet_Layout\BSBack.png
template\Android_Tablet_Layout\TOCNodeLink.png
template\Android_Tablet_Layout\TOCNodePage.png
template\Android_Tablet_Layout\TocNodeUp.png
template\Android_Tablet_Layout\btn_glossary.png
template\Android_Tablet_Layout\btn_index.png
template\Android_Tablet_Layout\right_arrow_W.png
template\Android_Tablet_Layout\btn_toc.png
template\Android_Tablet_Layout\Search.png
template\Android_Tablet_Layout\btn_home.png
template\Android_Tablet_Layout\searchNext.png
template\Android_Tablet_Layout\searchBack.png
template\Android_Tablet_Layout\icon_contact.png
template\Android_Tablet_Layout\icon_about.png
template\Android_Tablet_Layout\icon_glossary.png
template\Android_Tablet_Layout\icon_index.png
template\Android_Tablet_Layout\icon_contents.png
template\Penates\BSBack_hover.png
template\Penates\topic_right.png
template\Penates\topic_left.png
template\Penates\Print_hover.png
template\Penates\ui-icons_cd0a0a_256x240.png
template\Penates\ui-icons_f9bd01_256x240.png
template\Penates\searchNext.png
template\Penates\searchBack.png
template\Penates\select_button.png
template\Penates\search_buttonbar.png
template\Desktop_Layout\BSNext.png
template\Desktop_Layout\BSBack.png
template\Desktop_Layout\TOCTreeLink.png
template\Desktop_Layout\TOCTreePage.png
template\Desktop_Layout\Print.png
template\Desktop_Layout\Search.png
template\Desktop_Layout\searchNext.png
template\Desktop_Layout\SearchBack.png
template\Desktop_Layout\bg.png
template\iPhone_Layout\TOCNodeCloseBook.png
template\iPhone_Layout\TOCNodeCloseBookHover.png
template\iPad_Layout\searchNextHover.png
template\iPad_Layout\icon_about_hover.png
template\Penates\ui-bg_inset-hard_100_f5f8f9_1x100.png
template\iPad_Layout\bg.png
template\Android_Tablet_Layout\bg01.png
template\Penates\close_sidebar.png
template\Penates\preview\functionbar.png
template\iPhone_Layout\searchNextHover.png
template\iPad_Layout\TOCNodeOpenBook.png
template\iPad_Layout\TOCNodeOpenBookSelected.png
template\iPad_Layout\TOCNodeOpenBookHover.png
template\iPad_Layout\icon_contents_hover.png
template\Desktop_Layout\contentholder_background.png
template\iPhone_Layout\bullet_whatsnew.png
template\Android_Tablet_Layout\TOCNodePageSelected.png
template\Android_Tablet_Layout\TOCNodePageHover.png
template\Android_Tablet_Layout\TOCNodeOpenBook.png
template\Android_Tablet_Layout\TOCNodeOpenBookSelected.png
template\Android_Tablet_Layout\TOCNodeOpenBookHover.png
template\Penates\BSNext_hover.png
template\Penates\index_hover.png
template\Penates\ui-bg_inset-hard_100_fcfdfd_1x100.png
template\Penates\index_buttonbar.png
template\iPad_Layout\TOCNodePageSelected.png
template\iPad_Layout\home_default.png
template\iPad_Layout\TOCNodePageHover.png
template\Penates\glo_hover.png
template\Penates\toc_hover.png
template\Penates\ui-bg_gloss-wave_55_5c9ccc_500x100.png
PENATES_INVENTORY_SYSTEM_new_archivos\image085.jpg
PENATES_INVENTORY_SYSTEM_new_archivos\image083.jpg
PENATES_INVENTORY_SYSTEM_new_archivos\image081.jpg
PENATES_INVENTORY_SYSTEM_new_archivos\image079.jpg
PENATES_INVENTORY_SYSTEM_new_archivos\image077.jpg
PENATES_INVENTORY_SYSTEM_new_archivos\image075.jpg
PENATES_INVENTORY_SYSTEM_new_archivos\image073.jpg
PENATES_INVENTORY_SYSTEM_new_archivos\image067.jpg
PENATES_INVENTORY_SYSTEM_new_archivos\image061.jpg
PENATES_INVENTORY_SYSTEM_new_archivos\image057.jpg
PENATES_INVENTORY_SYSTEM_new_archivos\image055.jpg
PENATES_INVENTORY_SYSTEM_new_archivos\image053.jpg
PENATES_INVENTORY_SYSTEM_new_archivos\image051.jpg
PENATES_INVENTORY_SYSTEM_new_archivos\image049.jpg
PENATES_INVENTORY_SYSTEM_new_archivos\image047.jpg
PENATES_INVENTORY_SYSTEM_new_archivos\image045.gif
PENATES_INVENTORY_SYSTEM_new_archivos\image043.jpg
PENATES_INVENTORY_SYSTEM_new_archivos\image041.jpg
PENATES_INVENTORY_SYSTEM_new_archivos\image039.jpg
PENATES_INVENTORY_SYSTEM_new_archivos\image037.jpg
PENATES_INVENTORY_SYSTEM_new_archivos\image035.jpg
PENATES_INVENTORY_SYSTEM_new_archivos\image033.jpg
PENATES_INVENTORY_SYSTEM_new_archivos\image031.gif
PENATES_INVENTORY_SYSTEM_new_archivos\image029.jpg
PENATES_INVENTORY_SYSTEM_new_archivos\image027.jpg
PENATES_INVENTORY_SYSTEM_new_archivos\image025.jpg
PENATES_INVENTORY_SYSTEM_new_archivos\image023.gif
PENATES_INVENTORY_SYSTEM_new_archivos\image022.jpg
PENATES_INVENTORY_SYSTEM_new_archivos\image020.jpg
PENATES_INVENTORY_SYSTEM_new_archivos\image018.jpg
PENATES_INVENTORY_SYSTEM_new_archivos\image016.jpg
PENATES_INVENTORY_SYSTEM_new_archivos\image014.jpg
PENATES_INVENTORY_SYSTEM_new_archivos\image012.jpg
PENATES_INVENTORY_SYSTEM_new_archivos\image010.gif
PENATES_INVENTORY_SYSTEM_new_archivos\image008.gif
PENATES_INVENTORY_SYSTEM_new_archivos\image006.gif
PENATES_INVENTORY_SYSTEM_new_archivos\image004.gif
PENATES_INVENTORY_SYSTEM_new_archivos\image002.jpg
template\iPad_Layout\icon_index_hover.png
template\iPad_Layout\icon_contact.png
template\iPad_Layout\icon_about.png
template\iPad_Layout\icon_glossary.png
template\iPad_Layout\icon_index.png
template\iPad_Layout\icon_contents.png
template\Penates\ui-icons_2e83ff_256x240.png
template\Penates\ui-icons_d8e7f3_256x240.png
template\Penates\preview\glossary.png
template\Penates\preview\index.png
template\Penates\preview\tocnode.png
template\Penates\preview\toctree.png
template\Penates\preview\search.png
template\Penates\preview\sidebar.png
template\Penates\preview\global.png
template\Penates\preview\header.png
template\Desktop_Layout\TOCTreeLinkSelected.png
template\Desktop_Layout\TOCTreeLinkHover.png
template\Desktop_Layout\TOCTreePageSelected.png
template\Desktop_Layout\TOCTreePageHover.png
template\Desktop_Layout\menu_selected.png
template\Desktop_Layout\TOCTreeOpenBookHover.png
template\Desktop_Layout\TOCTreeOpenBook.png
template\Desktop_Layout\TOCTreeCloseBookHover.png
template\Desktop_Layout\TOCTreeCloseBook.png
template\Android_Tablet_Layout\icon_glossary_hover.png
template\Penates\search_advanced_closed.png
template\Penates\search_advanced_open.png
template\Penates\preview\mobile_navigation.png
template\Android_Tablet_Layout\icon_contact_hover.png
template\Android_Tablet_Layout\icon_index_hover.png
template\Android_Tablet_Layout\icon_contents_hover.png
template\Penates\ui-icons_6da8d5_256x240.png
template\Penates\ui-icons_469bdd_256x240.png
template\Penates\index_hover_buttonbar_small.png
template\iPhone_Layout\bg.png
template\Android_Tablet_Layout\icon_about_hover.png
template\Penates\ui-icons_217bc0_256x240.png
template\Penates\glo_hover_buttonbar_small.png
template\Penates\toc_hover_buttonbar_small.png
index.ppf
ehlpdhtm.js
RoboHHRE.lng
SearchOptions.xml
whxdata\toc1.js
whxdata\toc2.js
whxdata\toc4.js
whxdata\toc3.js
whxdata\toc6.js
whxdata\toc5.js
whxdata\toc7.js
whxdata\toc8.js
whxdata\toc9.js
whxdata\toc11.js
whxdata\toc10.js
whxdata\toc.js
whxdata\idata1.js
whxdata\idata2.js
whxdata\idata3.js
whxdata\idx.js
whxdata\glo.js
whxdata\package_0_xml.js
whxdata\package_1_xml.js
whxdata\package_2_xml.js
whxdata\package_3_xml.js
whxdata\package_4_xml.js
whxdata\package_5_xml.js
whxdata\package_6_xml.js
whxdata\package_7_xml.js
whxdata\package_8_xml.js
whxdata\package_9_xml.js
whxdata\package_10_xml.js
whxdata\package_11_xml.js
whxdata\package_12_xml.js
whxdata\package_13_xml.js
whxdata\package_14_xml.js
whxdata\package_15_xml.js
whxdata\package_16_xml.js
whxdata\package_17_xml.js
whxdata\package_18_xml.js
whxdata\package_19_xml.js
whxdata\package_20_xml.js
whxdata\package_21_xml.js
whxdata\package_22_xml.js
whxdata\package_23_xml.js
whxdata\package_24_xml.js
whxdata\package_25_xml.js
whxdata\package_26_xml.js
whxdata\package_27_xml.js
whxdata\package_28_xml.js
whxdata\package_29_xml.js
whxdata\package_30_xml.js
whxdata\package_31_xml.js
whxdata\package_32_xml.js
whxdata\package_33_xml.js
whxdata\package_34_xml.js
whxdata\packageindex_xml.js
whxdata\synonym.xml
whxdata\synonym_xml.js
whxdata\topictable_0_xml.js
whxdata\topictableindex_xml.js
whxdata\whfts.xml
whxdata\whfts_xml.js
whxdata\csh.js
whxdata\window.js
projectdata.js
